{"/Users/braydendiluca/git/garden-companion/api/src/directives/requireAuth/requireAuth.ts": {"path":"/Users/braydendiluca/git/garden-companion/api/src/directives/requireAuth/requireAuth.ts","statementMap":{"0":{"start":{"line":15,"column":17},"end":{"line":18,"column":1}},"1":{"start":{"line":16,"column":20},"end":{"line":16,"column":33}},"2":{"start":{"line":17,"column":2},"end":{"line":17,"column":35}},"3":{"start":{"line":20,"column":20},"end":{"line":20,"column":62}}},"fnMap":{"0":{"name":"(anonymous_0)","decl":{"start":{"line":15,"column":17},"end":{"line":15,"column":18}},"loc":{"start":{"line":15,"column":40},"end":{"line":18,"column":1}},"line":15}},"branchMap":{},"s":{"0":1,"1":1,"2":1,"3":1},"f":{"0":1},"b":{},"_coverageSchema":"1a1c01bbd47fc00a2c39e90264f33305004495a9","hash":"8a639c93670dd94fc28494f8457c7e6f7cb8bb29"}
,"/Users/braydendiluca/git/garden-companion/api/src/directives/skipAuth/skipAuth.ts": {"path":"/Users/braydendiluca/git/garden-companion/api/src/directives/skipAuth/skipAuth.ts","statementMap":{"0":{"start":{"line":12,"column":17},"end":{"line":14,"column":2}},"1":{"start":{"line":13,"column":2},"end":{"line":13,"column":8}}},"fnMap":{"0":{"name":"(anonymous_0)","decl":{"start":{"line":12,"column":50},"end":{"line":12,"column":51}},"loc":{"start":{"line":12,"column":56},"end":{"line":14,"column":1}},"line":12}},"branchMap":{},"s":{"0":1,"1":0},"f":{"0":0},"b":{},"_coverageSchema":"1a1c01bbd47fc00a2c39e90264f33305004495a9","hash":"e761e7f0055cbddbe4677998abebebe3fc9feae9"}
,"/Users/braydendiluca/git/garden-companion/api/src/functions/graphql.ts": {"path":"/Users/braydendiluca/git/garden-companion/api/src/functions/graphql.ts","statementMap":{"0":{"start":{"line":9,"column":23},"end":{"line":18,"column":2}},"1":{"start":{"line":16,"column":4},"end":{"line":16,"column":20}}},"fnMap":{"0":{"name":"(anonymous_0)","decl":{"start":{"line":14,"column":15},"end":{"line":14,"column":16}},"loc":{"start":{"line":14,"column":21},"end":{"line":17,"column":3}},"line":14}},"branchMap":{},"s":{"0":0,"1":0},"f":{"0":0},"b":{}}
,"/Users/braydendiluca/git/garden-companion/api/src/graphql/plants.sdl.ts": {"path":"/Users/braydendiluca/git/garden-companion/api/src/graphql/plants.sdl.ts","statementMap":{"0":{"start":{"line":1,"column":22},"end":{"line":32,"column":1}}},"fnMap":{},"branchMap":{},"s":{"0":0},"f":{},"b":{}}
,"/Users/braydendiluca/git/garden-companion/api/src/lib/auth.ts": {"path":"/Users/braydendiluca/git/garden-companion/api/src/lib/auth.ts","statementMap":{"0":{"start":{"line":10,"column":31},"end":{"line":12,"column":1}},"1":{"start":{"line":11,"column":2},"end":{"line":11,"column":13}},"2":{"start":{"line":14,"column":23},"end":{"line":16,"column":1}},"3":{"start":{"line":15,"column":2},"end":{"line":15,"column":28}},"4":{"start":{"line":23,"column":27},"end":{"line":25,"column":1}},"5":{"start":{"line":24,"column":2},"end":{"line":24,"column":26}}},"fnMap":{"0":{"name":"(anonymous_0)","decl":{"start":{"line":10,"column":31},"end":{"line":10,"column":32}},"loc":{"start":{"line":10,"column":37},"end":{"line":12,"column":1}},"line":10},"1":{"name":"(anonymous_1)","decl":{"start":{"line":14,"column":23},"end":{"line":14,"column":24}},"loc":{"start":{"line":14,"column":38},"end":{"line":16,"column":1}},"line":14},"2":{"name":"(anonymous_2)","decl":{"start":{"line":23,"column":27},"end":{"line":23,"column":28}},"loc":{"start":{"line":23,"column":42},"end":{"line":25,"column":1}},"line":23}},"branchMap":{},"s":{"0":1,"1":1,"2":1,"3":0,"4":1,"5":1},"f":{"0":1,"1":0,"2":1},"b":{},"_coverageSchema":"1a1c01bbd47fc00a2c39e90264f33305004495a9","hash":"3865f21e2c963114354045ab92d213feeb70e2d9"}
,"/Users/braydendiluca/git/garden-companion/api/src/lib/db.ts": {"path":"/Users/braydendiluca/git/garden-companion/api/src/lib/db.ts","statementMap":{"0":{"start":{"line":13,"column":18},"end":{"line":15,"column":2}},"1":{"start":{"line":17,"column":0},"end":{"line":21,"column":2}}},"fnMap":{},"branchMap":{},"s":{"0":3,"1":3},"f":{},"b":{},"_coverageSchema":"1a1c01bbd47fc00a2c39e90264f33305004495a9","hash":"4282e1138c70becc79e8bfeac6ca89ada662e0ee"}
,"/Users/braydendiluca/git/garden-companion/api/src/lib/logger.ts": {"path":"/Users/braydendiluca/git/garden-companion/api/src/lib/logger.ts","statementMap":{"0":{"start":{"line":17,"column":22},"end":{"line":17,"column":38}}},"fnMap":{},"branchMap":{},"s":{"0":3},"f":{},"b":{},"_coverageSchema":"1a1c01bbd47fc00a2c39e90264f33305004495a9","hash":"8e49769325323af74db1343b12d3844398eeaaef"}
,"/Users/braydendiluca/git/garden-companion/api/src/services/plants/plants.scenarios.ts": {"path":"/Users/braydendiluca/git/garden-companion/api/src/services/plants/plants.scenarios.ts","statementMap":{"0":{"start":{"line":3,"column":24},"end":{"line":8,"column":2}}},"fnMap":{},"branchMap":{},"s":{"0":1},"f":{},"b":{},"_coverageSchema":"1a1c01bbd47fc00a2c39e90264f33305004495a9","hash":"d536c367ed5f074b925f5c08b5ac9094dcac11d7"}
,"/Users/braydendiluca/git/garden-companion/api/src/services/plants/plants.ts": {"path":"/Users/braydendiluca/git/garden-companion/api/src/services/plants/plants.ts","statementMap":{"0":{"start":{"line":9,"column":48},"end":{"line":11,"column":1}},"1":{"start":{"line":10,"column":2},"end":{"line":10,"column":28}},"2":{"start":{"line":13,"column":46},"end":{"line":17,"column":1}},"3":{"start":{"line":14,"column":2},"end":{"line":16,"column":4}},"4":{"start":{"line":19,"column":61},"end":{"line":23,"column":1}},"5":{"start":{"line":20,"column":2},"end":{"line":22,"column":4}},"6":{"start":{"line":25,"column":61},"end":{"line":33,"column":1}},"7":{"start":{"line":29,"column":2},"end":{"line":32,"column":4}},"8":{"start":{"line":35,"column":61},"end":{"line":39,"column":1}},"9":{"start":{"line":36,"column":2},"end":{"line":38,"column":4}},"10":{"start":{"line":41,"column":37},"end":{"line":54,"column":1}},"11":{"start":{"line":43,"column":4},"end":{"line":43,"column":72}},"12":{"start":{"line":45,"column":4},"end":{"line":45,"column":72}},"13":{"start":{"line":47,"column":4},"end":{"line":49,"column":35}},"14":{"start":{"line":51,"column":4},"end":{"line":53,"column":35}}},"fnMap":{"0":{"name":"(anonymous_0)","decl":{"start":{"line":9,"column":48},"end":{"line":9,"column":49}},"loc":{"start":{"line":9,"column":54},"end":{"line":11,"column":1}},"line":9},"1":{"name":"(anonymous_1)","decl":{"start":{"line":13,"column":46},"end":{"line":13,"column":47}},"loc":{"start":{"line":13,"column":58},"end":{"line":17,"column":1}},"line":13},"2":{"name":"(anonymous_2)","decl":{"start":{"line":19,"column":61},"end":{"line":19,"column":62}},"loc":{"start":{"line":19,"column":76},"end":{"line":23,"column":1}},"line":19},"3":{"name":"(anonymous_3)","decl":{"start":{"line":25,"column":61},"end":{"line":25,"column":62}},"loc":{"start":{"line":28,"column":6},"end":{"line":33,"column":1}},"line":28},"4":{"name":"(anonymous_4)","decl":{"start":{"line":35,"column":61},"end":{"line":35,"column":62}},"loc":{"start":{"line":35,"column":73},"end":{"line":39,"column":1}},"line":35},"5":{"name":"(anonymous_5)","decl":{"start":{"line":42,"column":22},"end":{"line":42,"column":23}},"loc":{"start":{"line":43,"column":4},"end":{"line":43,"column":72}},"line":43},"6":{"name":"(anonymous_6)","decl":{"start":{"line":44,"column":22},"end":{"line":44,"column":23}},"loc":{"start":{"line":45,"column":4},"end":{"line":45,"column":72}},"line":45},"7":{"name":"(anonymous_7)","decl":{"start":{"line":46,"column":30},"end":{"line":46,"column":31}},"loc":{"start":{"line":47,"column":4},"end":{"line":49,"column":35}},"line":47},"8":{"name":"(anonymous_8)","decl":{"start":{"line":50,"column":30},"end":{"line":50,"column":31}},"loc":{"start":{"line":51,"column":4},"end":{"line":53,"column":35}},"line":51}},"branchMap":{},"s":{"0":1,"1":1,"2":1,"3":3,"4":1,"5":1,"6":1,"7":1,"8":1,"9":1,"10":1,"11":0,"12":0,"13":0,"14":0},"f":{"0":1,"1":3,"2":1,"3":1,"4":1,"5":0,"6":0,"7":0,"8":0},"b":{},"_coverageSchema":"1a1c01bbd47fc00a2c39e90264f33305004495a9","hash":"41b41e5b0f00f71076bb7a0bc62236dd93110032"}
,"/Users/braydendiluca/git/garden-companion/web/src/App.tsx": {"path":"/Users/braydendiluca/git/garden-companion/web/src/App.tsx","statementMap":{"0":{"start":{"line":10,"column":12},"end":{"line":18,"column":1}},"1":{"start":{"line":11,"column":2},"end":{"line":17,"column":23}}},"fnMap":{"0":{"name":"(anonymous_0)","decl":{"start":{"line":10,"column":12},"end":{"line":10,"column":13}},"loc":{"start":{"line":11,"column":2},"end":{"line":17,"column":23}},"line":11}},"branchMap":{},"s":{"0":0,"1":0},"f":{"0":0},"b":{}}
,"/Users/braydendiluca/git/garden-companion/web/src/Routes.tsx": {"path":"/Users/braydendiluca/git/garden-companion/web/src/Routes.tsx","statementMap":{"0":{"start":{"line":14,"column":15},"end":{"line":24,"column":1}},"1":{"start":{"line":15,"column":2},"end":{"line":23,"column":3}}},"fnMap":{"0":{"name":"(anonymous_0)","decl":{"start":{"line":14,"column":15},"end":{"line":14,"column":16}},"loc":{"start":{"line":14,"column":21},"end":{"line":24,"column":1}},"line":14}},"branchMap":{},"s":{"0":3,"1":18},"f":{"0":18},"b":{},"_coverageSchema":"1a1c01bbd47fc00a2c39e90264f33305004495a9","hash":"7b33e0c521adcb775c007debcaada1402fec555d"}
,"/Users/braydendiluca/git/garden-companion/web/src/components/atoms/index.ts": {"path":"/Users/braydendiluca/git/garden-companion/web/src/components/atoms/index.ts","statementMap":{},"fnMap":{},"branchMap":{},"s":{},"f":{},"b":{},"_coverageSchema":"1a1c01bbd47fc00a2c39e90264f33305004495a9","hash":"8e273f24963f51104187c10e80aeaa1b80c2e3d6"}
,"/Users/braydendiluca/git/garden-companion/web/src/components/atoms/Card/Card.stories.tsx": {"path":"/Users/braydendiluca/git/garden-companion/web/src/components/atoms/Card/Card.stories.tsx","statementMap":{"0":{"start":{"line":3,"column":25},"end":{"line":9,"column":1}},"1":{"start":{"line":4,"column":2},"end":{"line":8,"column":3}}},"fnMap":{"0":{"name":"(anonymous_0)","decl":{"start":{"line":3,"column":25},"end":{"line":3,"column":26}},"loc":{"start":{"line":3,"column":35},"end":{"line":9,"column":1}},"line":3}},"branchMap":{},"s":{"0":0,"1":0},"f":{"0":0},"b":{}}
,"/Users/braydendiluca/git/garden-companion/web/src/components/atoms/Card/Card.tsx": {"path":"/Users/braydendiluca/git/garden-companion/web/src/components/atoms/Card/Card.tsx","statementMap":{"0":{"start":{"line":10,"column":26},"end":{"line":19,"column":1}},"1":{"start":{"line":11,"column":22},"end":{"line":11,"column":44}},"2":{"start":{"line":13,"column":2},"end":{"line":18,"column":3}},"3":{"start":{"line":15,"column":6},"end":{"line":15,"column":68}},"4":{"start":{"line":17,"column":6},"end":{"line":17,"column":76}},"5":{"start":{"line":21,"column":37},"end":{"line":27,"column":1}},"6":{"start":{"line":22,"column":2},"end":{"line":26,"column":3}}},"fnMap":{"0":{"name":"(anonymous_0)","decl":{"start":{"line":10,"column":26},"end":{"line":10,"column":27}},"loc":{"start":{"line":10,"column":53},"end":{"line":19,"column":1}},"line":10},"1":{"name":"(anonymous_1)","decl":{"start":{"line":21,"column":37},"end":{"line":21,"column":38}},"loc":{"start":{"line":21,"column":75},"end":{"line":27,"column":1}},"line":21}},"branchMap":{"0":{"loc":{"start":{"line":13,"column":2},"end":{"line":18,"column":3}},"type":"switch","locations":[{"start":{"line":14,"column":4},"end":{"line":15,"column":68}},{"start":{"line":16,"column":4},"end":{"line":17,"column":76}}],"line":13}},"s":{"0":3,"1":8,"2":8,"3":3,"4":5,"5":3,"6":8},"f":{"0":8,"1":8},"b":{"0":[3,5]},"_coverageSchema":"1a1c01bbd47fc00a2c39e90264f33305004495a9","hash":"dd493f46a79f191ec5becd250a2da2077e183769"}
,"/Users/braydendiluca/git/garden-companion/web/src/components/atoms/Card/index.ts": {"path":"/Users/braydendiluca/git/garden-companion/web/src/components/atoms/Card/index.ts","statementMap":{},"fnMap":{},"branchMap":{},"s":{},"f":{},"b":{},"_coverageSchema":"1a1c01bbd47fc00a2c39e90264f33305004495a9","hash":"a6ddae7189ee2652420e51463245b9884d6877f4"}
,"/Users/braydendiluca/git/garden-companion/web/src/components/atoms/Heading/Heading.stories.tsx": {"path":"/Users/braydendiluca/git/garden-companion/web/src/components/atoms/Heading/Heading.stories.tsx","statementMap":{"0":{"start":{"line":3,"column":25},"end":{"line":3,"column":56}},"1":{"start":{"line":3,"column":35},"end":{"line":3,"column":56}}},"fnMap":{"0":{"name":"(anonymous_0)","decl":{"start":{"line":3,"column":25},"end":{"line":3,"column":26}},"loc":{"start":{"line":3,"column":35},"end":{"line":3,"column":56}},"line":3}},"branchMap":{},"s":{"0":0,"1":0},"f":{"0":0},"b":{}}
,"/Users/braydendiluca/git/garden-companion/web/src/components/atoms/Heading/Heading.tsx": {"path":"/Users/braydendiluca/git/garden-companion/web/src/components/atoms/Heading/Heading.tsx","statementMap":{"0":{"start":{"line":9,"column":40},"end":{"line":52,"column":1}},"1":{"start":{"line":10,"column":23},"end":{"line":30,"column":3}},"2":{"start":{"line":18,"column":4},"end":{"line":29,"column":5}},"3":{"start":{"line":20,"column":8},"end":{"line":20,"column":43}},"4":{"start":{"line":20,"column":26},"end":{"line":20,"column":43}},"5":{"start":{"line":22,"column":8},"end":{"line":22,"column":43}},"6":{"start":{"line":22,"column":26},"end":{"line":22,"column":43}},"7":{"start":{"line":24,"column":8},"end":{"line":24,"column":43}},"8":{"start":{"line":24,"column":26},"end":{"line":24,"column":43}},"9":{"start":{"line":26,"column":8},"end":{"line":26,"column":43}},"10":{"start":{"line":26,"column":26},"end":{"line":26,"column":43}},"11":{"start":{"line":28,"column":8},"end":{"line":28,"column":43}},"12":{"start":{"line":28,"column":26},"end":{"line":28,"column":43}},"13":{"start":{"line":31,"column":20},"end":{"line":31,"column":39}},"14":{"start":{"line":32,"column":24},"end":{"line":45,"column":3}},"15":{"start":{"line":33,"column":4},"end":{"line":44,"column":5}},"16":{"start":{"line":35,"column":8},"end":{"line":35,"column":25}},"17":{"start":{"line":37,"column":8},"end":{"line":37,"column":25}},"18":{"start":{"line":39,"column":8},"end":{"line":39,"column":25}},"19":{"start":{"line":41,"column":8},"end":{"line":41,"column":25}},"20":{"start":{"line":43,"column":8},"end":{"line":43,"column":24}},"21":{"start":{"line":47,"column":2},"end":{"line":51,"column":3}}},"fnMap":{"0":{"name":"(anonymous_0)","decl":{"start":{"line":9,"column":40},"end":{"line":9,"column":41}},"loc":{"start":{"line":9,"column":73},"end":{"line":52,"column":1}},"line":9},"1":{"name":"(anonymous_1)","decl":{"start":{"line":10,"column":23},"end":{"line":10,"column":24}},"loc":{"start":{"line":17,"column":23},"end":{"line":30,"column":3}},"line":17},"2":{"name":"(anonymous_2)","decl":{"start":{"line":20,"column":15},"end":{"line":20,"column":16}},"loc":{"start":{"line":20,"column":26},"end":{"line":20,"column":43}},"line":20},"3":{"name":"(anonymous_3)","decl":{"start":{"line":22,"column":15},"end":{"line":22,"column":16}},"loc":{"start":{"line":22,"column":26},"end":{"line":22,"column":43}},"line":22},"4":{"name":"(anonymous_4)","decl":{"start":{"line":24,"column":15},"end":{"line":24,"column":16}},"loc":{"start":{"line":24,"column":26},"end":{"line":24,"column":43}},"line":24},"5":{"name":"(anonymous_5)","decl":{"start":{"line":26,"column":15},"end":{"line":26,"column":16}},"loc":{"start":{"line":26,"column":26},"end":{"line":26,"column":43}},"line":26},"6":{"name":"(anonymous_6)","decl":{"start":{"line":28,"column":15},"end":{"line":28,"column":16}},"loc":{"start":{"line":28,"column":26},"end":{"line":28,"column":43}},"line":28},"7":{"name":"(anonymous_7)","decl":{"start":{"line":32,"column":24},"end":{"line":32,"column":25}},"loc":{"start":{"line":32,"column":59},"end":{"line":45,"column":3}},"line":32}},"branchMap":{"0":{"loc":{"start":{"line":18,"column":4},"end":{"line":29,"column":5}},"type":"switch","locations":[{"start":{"line":19,"column":6},"end":{"line":20,"column":43}},{"start":{"line":21,"column":6},"end":{"line":22,"column":43}},{"start":{"line":23,"column":6},"end":{"line":24,"column":43}},{"start":{"line":25,"column":6},"end":{"line":26,"column":43}},{"start":{"line":27,"column":6},"end":{"line":28,"column":43}}],"line":18},"1":{"loc":{"start":{"line":33,"column":4},"end":{"line":44,"column":5}},"type":"switch","locations":[{"start":{"line":34,"column":6},"end":{"line":35,"column":25}},{"start":{"line":36,"column":6},"end":{"line":37,"column":25}},{"start":{"line":38,"column":6},"end":{"line":39,"column":25}},{"start":{"line":40,"column":6},"end":{"line":41,"column":25}},{"start":{"line":42,"column":6},"end":{"line":43,"column":24}}],"line":33}},"s":{"0":3,"1":16,"2":16,"3":2,"4":2,"5":2,"6":2,"7":8,"8":8,"9":2,"10":2,"11":2,"12":2,"13":16,"14":16,"15":16,"16":2,"17":2,"18":8,"19":2,"20":2,"21":16},"f":{"0":16,"1":16,"2":2,"3":2,"4":8,"5":2,"6":2,"7":16},"b":{"0":[2,2,8,2,2],"1":[2,2,8,2,2]},"_coverageSchema":"1a1c01bbd47fc00a2c39e90264f33305004495a9","hash":"610a9a264773fb59d2fd85b3ac647c2f4f8f7265"}
,"/Users/braydendiluca/git/garden-companion/web/src/components/atoms/Heading/index.ts": {"path":"/Users/braydendiluca/git/garden-companion/web/src/components/atoms/Heading/index.ts","statementMap":{},"fnMap":{},"branchMap":{},"s":{},"f":{},"b":{},"_coverageSchema":"1a1c01bbd47fc00a2c39e90264f33305004495a9","hash":"b989905a7a80fde21ec12d6890e27d79326c69cc"}
,"/Users/braydendiluca/git/garden-companion/web/src/components/cells/PlantCell/PlantCell.tsx": {"path":"/Users/braydendiluca/git/garden-companion/web/src/components/cells/PlantCell/PlantCell.tsx","statementMap":{"0":{"start":{"line":7,"column":21},"end":{"line":23,"column":1}},"1":{"start":{"line":25,"column":23},"end":{"line":25,"column":50}},"2":{"start":{"line":25,"column":29},"end":{"line":25,"column":50}},"3":{"start":{"line":27,"column":21},"end":{"line":27,"column":53}},"4":{"start":{"line":27,"column":27},"end":{"line":27,"column":53}},"5":{"start":{"line":29,"column":23},"end":{"line":31,"column":1}},"6":{"start":{"line":30,"column":2},"end":{"line":30,"column":54}},"7":{"start":{"line":33,"column":23},"end":{"line":35,"column":1}},"8":{"start":{"line":34,"column":2},"end":{"line":34,"column":32}}},"fnMap":{"0":{"name":"(anonymous_0)","decl":{"start":{"line":25,"column":23},"end":{"line":25,"column":24}},"loc":{"start":{"line":25,"column":29},"end":{"line":25,"column":50}},"line":25},"1":{"name":"(anonymous_1)","decl":{"start":{"line":27,"column":21},"end":{"line":27,"column":22}},"loc":{"start":{"line":27,"column":27},"end":{"line":27,"column":53}},"line":27},"2":{"name":"(anonymous_2)","decl":{"start":{"line":29,"column":23},"end":{"line":29,"column":24}},"loc":{"start":{"line":30,"column":2},"end":{"line":30,"column":54}},"line":30},"3":{"name":"(anonymous_3)","decl":{"start":{"line":33,"column":23},"end":{"line":33,"column":24}},"loc":{"start":{"line":33,"column":71},"end":{"line":35,"column":1}},"line":33}},"branchMap":{},"s":{"0":0,"1":0,"2":0,"3":0,"4":0,"5":0,"6":0,"7":0,"8":0},"f":{"0":0,"1":0,"2":0,"3":0},"b":{}}
,"/Users/braydendiluca/git/garden-companion/web/src/components/cells/PlantsCell/PlantsCell.tsx": {"path":"/Users/braydendiluca/git/garden-companion/web/src/components/cells/PlantsCell/PlantsCell.tsx","statementMap":{"0":{"start":{"line":7,"column":21},"end":{"line":15,"column":1}},"1":{"start":{"line":17,"column":23},"end":{"line":17,"column":50}},"2":{"start":{"line":17,"column":29},"end":{"line":17,"column":50}},"3":{"start":{"line":19,"column":21},"end":{"line":21,"column":1}},"4":{"start":{"line":20,"column":2},"end":{"line":20,"column":66}},"5":{"start":{"line":23,"column":23},"end":{"line":25,"column":1}},"6":{"start":{"line":24,"column":2},"end":{"line":24,"column":54}},"7":{"start":{"line":27,"column":23},"end":{"line":29,"column":1}},"8":{"start":{"line":28,"column":2},"end":{"line":28,"column":39}}},"fnMap":{"0":{"name":"(anonymous_0)","decl":{"start":{"line":17,"column":23},"end":{"line":17,"column":24}},"loc":{"start":{"line":17,"column":29},"end":{"line":17,"column":50}},"line":17},"1":{"name":"(anonymous_1)","decl":{"start":{"line":19,"column":21},"end":{"line":19,"column":22}},"loc":{"start":{"line":19,"column":27},"end":{"line":21,"column":1}},"line":19},"2":{"name":"(anonymous_2)","decl":{"start":{"line":23,"column":23},"end":{"line":23,"column":24}},"loc":{"start":{"line":24,"column":2},"end":{"line":24,"column":54}},"line":24},"3":{"name":"(anonymous_3)","decl":{"start":{"line":27,"column":23},"end":{"line":27,"column":24}},"loc":{"start":{"line":27,"column":69},"end":{"line":29,"column":1}},"line":27}},"branchMap":{},"s":{"0":0,"1":0,"2":0,"3":0,"4":0,"5":0,"6":0,"7":0,"8":0},"f":{"0":0,"1":0,"2":0,"3":0},"b":{}}
,"/Users/braydendiluca/git/garden-companion/web/src/components/molecules/index.ts": {"path":"/Users/braydendiluca/git/garden-companion/web/src/components/molecules/index.ts","statementMap":{},"fnMap":{},"branchMap":{},"s":{},"f":{},"b":{}}
,"/Users/braydendiluca/git/garden-companion/web/src/components/molecules/CompanionCard/CompanionCard.stories.tsx": {"path":"/Users/braydendiluca/git/garden-companion/web/src/components/molecules/CompanionCard/CompanionCard.stories.tsx","statementMap":{"0":{"start":{"line":3,"column":15},"end":{"line":6,"column":1}},"1":{"start":{"line":8,"column":25},"end":{"line":10,"column":1}},"2":{"start":{"line":9,"column":2},"end":{"line":9,"column":74}}},"fnMap":{"0":{"name":"(anonymous_0)","decl":{"start":{"line":8,"column":25},"end":{"line":8,"column":26}},"loc":{"start":{"line":8,"column":35},"end":{"line":10,"column":1}},"line":8}},"branchMap":{"0":{"loc":{"start":{"line":9,"column":42},"end":{"line":9,"column":70}},"type":"cond-expr","locations":[{"start":{"line":9,"column":59},"end":{"line":9,"column":65}},{"start":{"line":9,"column":68},"end":{"line":9,"column":70}}],"line":9}},"s":{"0":0,"1":0,"2":0},"f":{"0":0},"b":{"0":[0,0]}}
,"/Users/braydendiluca/git/garden-companion/web/src/components/molecules/CompanionCard/CompanionCard.tsx": {"path":"/Users/braydendiluca/git/garden-companion/web/src/components/molecules/CompanionCard/CompanionCard.tsx","statementMap":{"0":{"start":{"line":14,"column":26},"end":{"line":21,"column":1}},"1":{"start":{"line":15,"column":2},"end":{"line":20,"column":3}},"2":{"start":{"line":17,"column":6},"end":{"line":17,"column":34}},"3":{"start":{"line":19,"column":6},"end":{"line":19,"column":34}},"4":{"start":{"line":23,"column":23},"end":{"line":32,"column":1}},"5":{"start":{"line":26,"column":2},"end":{"line":31,"column":3}},"6":{"start":{"line":28,"column":6},"end":{"line":28,"column":18}},"7":{"start":{"line":30,"column":6},"end":{"line":30,"column":20}},"8":{"start":{"line":34,"column":34},"end":{"line":41,"column":1}},"9":{"start":{"line":35,"column":2},"end":{"line":40,"column":3}},"10":{"start":{"line":37,"column":6},"end":{"line":37,"column":52}},"11":{"start":{"line":39,"column":6},"end":{"line":39,"column":52}},"12":{"start":{"line":43,"column":46},"end":{"line":68,"column":1}},"13":{"start":{"line":44,"column":24},"end":{"line":44,"column":41}},"14":{"start":{"line":46,"column":2},"end":{"line":67,"column":3}},"15":{"start":{"line":56,"column":12},"end":{"line":60,"column":17}}},"fnMap":{"0":{"name":"(anonymous_0)","decl":{"start":{"line":14,"column":26},"end":{"line":14,"column":27}},"loc":{"start":{"line":14,"column":57},"end":{"line":21,"column":1}},"line":14},"1":{"name":"(anonymous_1)","decl":{"start":{"line":23,"column":23},"end":{"line":23,"column":24}},"loc":{"start":{"line":25,"column":45},"end":{"line":32,"column":1}},"line":25},"2":{"name":"(anonymous_2)","decl":{"start":{"line":34,"column":34},"end":{"line":34,"column":35}},"loc":{"start":{"line":34,"column":65},"end":{"line":41,"column":1}},"line":34},"3":{"name":"(anonymous_3)","decl":{"start":{"line":43,"column":46},"end":{"line":43,"column":47}},"loc":{"start":{"line":43,"column":71},"end":{"line":68,"column":1}},"line":43},"4":{"name":"(anonymous_4)","decl":{"start":{"line":55,"column":22},"end":{"line":55,"column":23}},"loc":{"start":{"line":56,"column":12},"end":{"line":60,"column":17}},"line":56}},"branchMap":{"0":{"loc":{"start":{"line":15,"column":2},"end":{"line":20,"column":3}},"type":"switch","locations":[{"start":{"line":16,"column":4},"end":{"line":17,"column":34}},{"start":{"line":18,"column":4},"end":{"line":19,"column":34}}],"line":15},"1":{"loc":{"start":{"line":26,"column":2},"end":{"line":31,"column":3}},"type":"switch","locations":[{"start":{"line":27,"column":4},"end":{"line":28,"column":18}},{"start":{"line":29,"column":4},"end":{"line":30,"column":20}}],"line":26},"2":{"loc":{"start":{"line":35,"column":2},"end":{"line":40,"column":3}},"type":"switch","locations":[{"start":{"line":36,"column":4},"end":{"line":37,"column":52}},{"start":{"line":38,"column":4},"end":{"line":39,"column":52}}],"line":35},"3":{"loc":{"start":{"line":53,"column":7},"end":{"line":65,"column":7}},"type":"cond-expr","locations":[{"start":{"line":54,"column":8},"end":{"line":62,"column":13}},{"start":{"line":64,"column":8},"end":{"line":64,"column":57}}],"line":53}},"s":{"0":1,"1":6,"2":2,"3":4,"4":1,"5":6,"6":2,"7":4,"8":1,"9":5,"10":2,"11":3,"12":1,"13":6,"14":6,"15":2},"f":{"0":6,"1":6,"2":5,"3":6,"4":2},"b":{"0":[2,4],"1":[2,4],"2":[2,3],"3":[1,5]},"_coverageSchema":"1a1c01bbd47fc00a2c39e90264f33305004495a9","hash":"0a30d44fe403fed2e7bea0c0a6dc4fff449661a6"}
,"/Users/braydendiluca/git/garden-companion/web/src/components/molecules/CompanionCard/index.ts": {"path":"/Users/braydendiluca/git/garden-companion/web/src/components/molecules/CompanionCard/index.ts","statementMap":{},"fnMap":{},"branchMap":{},"s":{},"f":{},"b":{}}
,"/Users/braydendiluca/git/garden-companion/web/src/components/organisms/index.ts": {"path":"/Users/braydendiluca/git/garden-companion/web/src/components/organisms/index.ts","statementMap":{},"fnMap":{},"branchMap":{},"s":{},"f":{},"b":{}}
,"/Users/braydendiluca/git/garden-companion/web/src/components/organisms/Plant/index.ts": {"path":"/Users/braydendiluca/git/garden-companion/web/src/components/organisms/Plant/index.ts","statementMap":{},"fnMap":{},"branchMap":{},"s":{},"f":{},"b":{}}
,"/Users/braydendiluca/git/garden-companion/web/src/components/organisms/Plant/Plant/Plant.tsx": {"path":"/Users/braydendiluca/git/garden-companion/web/src/components/organisms/Plant/Plant/Plant.tsx","statementMap":{"0":{"start":{"line":13,"column":38},"end":{"line":42,"column":1}},"1":{"start":{"line":14,"column":2},"end":{"line":41,"column":3}}},"fnMap":{"0":{"name":"(anonymous_0)","decl":{"start":{"line":13,"column":38},"end":{"line":13,"column":39}},"loc":{"start":{"line":13,"column":53},"end":{"line":42,"column":1}},"line":13}},"branchMap":{"0":{"loc":{"start":{"line":24,"column":19},"end":{"line":24,"column":37}},"type":"binary-expr","locations":[{"start":{"line":24,"column":19},"end":{"line":24,"column":30}},{"start":{"line":24,"column":34},"end":{"line":24,"column":37}}],"line":24}},"s":{"0":0,"1":0},"f":{"0":0},"b":{"0":[0,0]}}
,"/Users/braydendiluca/git/garden-companion/web/src/components/organisms/Plant/Plant/index.ts": {"path":"/Users/braydendiluca/git/garden-companion/web/src/components/organisms/Plant/Plant/index.ts","statementMap":{},"fnMap":{},"branchMap":{},"s":{},"f":{},"b":{}}
,"/Users/braydendiluca/git/garden-companion/web/src/components/organisms/Plant/PlantsList/PlantsList.tsx": {"path":"/Users/braydendiluca/git/garden-companion/web/src/components/organisms/Plant/PlantsList/PlantsList.tsx","statementMap":{"0":{"start":{"line":3,"column":26},"end":{"line":3,"column":29}},"1":{"start":{"line":5,"column":17},"end":{"line":11,"column":1}},"2":{"start":{"line":6,"column":15},"end":{"line":6,"column":19}},"3":{"start":{"line":7,"column":2},"end":{"line":9,"column":3}},"4":{"start":{"line":8,"column":4},"end":{"line":8,"column":59}},"5":{"start":{"line":10,"column":2},"end":{"line":10,"column":15}},"6":{"start":{"line":13,"column":26},"end":{"line":40,"column":1}},"7":{"start":{"line":14,"column":2},"end":{"line":39,"column":3}},"8":{"start":{"line":24,"column":12},"end":{"line":34,"column":17}}},"fnMap":{"0":{"name":"(anonymous_0)","decl":{"start":{"line":5,"column":17},"end":{"line":5,"column":18}},"loc":{"start":{"line":5,"column":27},"end":{"line":11,"column":1}},"line":5},"1":{"name":"(anonymous_1)","decl":{"start":{"line":13,"column":26},"end":{"line":13,"column":27}},"loc":{"start":{"line":13,"column":42},"end":{"line":40,"column":1}},"line":13},"2":{"name":"(anonymous_2)","decl":{"start":{"line":23,"column":22},"end":{"line":23,"column":23}},"loc":{"start":{"line":24,"column":12},"end":{"line":34,"column":17}},"line":24}},"branchMap":{"0":{"loc":{"start":{"line":7,"column":2},"end":{"line":9,"column":3}},"type":"if","locations":[{"start":{"line":7,"column":2},"end":{"line":9,"column":3}},{"start":{},"end":{}}],"line":7},"1":{"loc":{"start":{"line":7,"column":6},"end":{"line":7,"column":45}},"type":"binary-expr","locations":[{"start":{"line":7,"column":6},"end":{"line":7,"column":10}},{"start":{"line":7,"column":14},"end":{"line":7,"column":45}}],"line":7}},"s":{"0":0,"1":0,"2":0,"3":0,"4":0,"5":0,"6":0,"7":0,"8":0},"f":{"0":0,"1":0,"2":0},"b":{"0":[0,0],"1":[0,0]}}
,"/Users/braydendiluca/git/garden-companion/web/src/components/organisms/Plant/PlantsList/index.ts": {"path":"/Users/braydendiluca/git/garden-companion/web/src/components/organisms/Plant/PlantsList/index.ts","statementMap":{},"fnMap":{},"branchMap":{},"s":{},"f":{},"b":{}}
,"/Users/braydendiluca/git/garden-companion/web/src/layouts/DefaultLayout/DefaultLayout.tsx": {"path":"/Users/braydendiluca/git/garden-companion/web/src/layouts/DefaultLayout/DefaultLayout.tsx","statementMap":{"0":{"start":{"line":9,"column":22},"end":{"line":20,"column":1}},"1":{"start":{"line":10,"column":2},"end":{"line":19,"column":3}}},"fnMap":{"0":{"name":"(anonymous_0)","decl":{"start":{"line":9,"column":22},"end":{"line":9,"column":23}},"loc":{"start":{"line":9,"column":58},"end":{"line":20,"column":1}},"line":9}},"branchMap":{},"s":{"0":3,"1":0},"f":{"0":0},"b":{},"_coverageSchema":"1a1c01bbd47fc00a2c39e90264f33305004495a9","hash":"546e61cc2a68722e7b0326293b5e3fedc0c74056"}
,"/Users/braydendiluca/git/garden-companion/web/src/pages/FatalErrorPage/FatalErrorPage.tsx": {"path":"/Users/braydendiluca/git/garden-companion/web/src/pages/FatalErrorPage/FatalErrorPage.tsx","statementMap":{"0":{"start":{"line":13,"column":31},"end":{"line":13,"column":40}},"1":{"start":{"line":14,"column":0},"end":{"line":17,"column":1}},"2":{"start":{"line":15,"column":2},"end":{"line":16,"column":81}},"3":{"start":{"line":21,"column":4},"end":{"line":53,"column":11}}},"fnMap":{"0":{"name":"(anonymous_0)","decl":{"start":{"line":20,"column":3},"end":{"line":20,"column":4}},"loc":{"start":{"line":21,"column":4},"end":{"line":53,"column":11}},"line":21}},"branchMap":{"0":{"loc":{"start":{"line":14,"column":0},"end":{"line":17,"column":1}},"type":"if","locations":[{"start":{"line":14,"column":0},"end":{"line":17,"column":1}},{"start":{},"end":{}}],"line":14},"1":{"loc":{"start":{"line":19,"column":15},"end":{"line":54,"column":4}},"type":"binary-expr","locations":[{"start":{"line":19,"column":15},"end":{"line":19,"column":39}},{"start":{"line":20,"column":3},"end":{"line":54,"column":3}}],"line":19}},"s":{"0":0,"1":0,"2":0,"3":0},"f":{"0":0},"b":{"0":[0,0],"1":[0,0]}}
,"/Users/braydendiluca/git/garden-companion/web/src/pages/NotFoundPage/NotFoundPage.tsx": {"path":"/Users/braydendiluca/git/garden-companion/web/src/pages/NotFoundPage/NotFoundPage.tsx","statementMap":{"0":{"start":{"line":4,"column":2},"end":{"line":36,"column":9}}},"fnMap":{"0":{"name":"(anonymous_0)","decl":{"start":{"line":3,"column":15},"end":{"line":3,"column":16}},"loc":{"start":{"line":4,"column":2},"end":{"line":36,"column":9}},"line":4}},"branchMap":{},"s":{"0":0},"f":{"0":0},"b":{}}
,"/Users/braydendiluca/git/garden-companion/web/src/pages/Plant/PlantPage/PlantPage.tsx": {"path":"/Users/braydendiluca/git/garden-companion/web/src/pages/Plant/PlantPage/PlantPage.tsx","statementMap":{"0":{"start":{"line":7,"column":18},"end":{"line":9,"column":1}},"1":{"start":{"line":8,"column":2},"end":{"line":8,"column":30}}},"fnMap":{"0":{"name":"(anonymous_0)","decl":{"start":{"line":7,"column":18},"end":{"line":7,"column":19}},"loc":{"start":{"line":7,"column":46},"end":{"line":9,"column":1}},"line":7}},"branchMap":{},"s":{"0":0,"1":0},"f":{"0":0},"b":{}}
,"/Users/braydendiluca/git/garden-companion/web/src/pages/Plant/PlantsPage/PlantsPage.tsx": {"path":"/Users/braydendiluca/git/garden-companion/web/src/pages/Plant/PlantsPage/PlantsPage.tsx","statementMap":{"0":{"start":{"line":3,"column":19},"end":{"line":5,"column":1}},"1":{"start":{"line":4,"column":2},"end":{"line":4,"column":23}}},"fnMap":{"0":{"name":"(anonymous_0)","decl":{"start":{"line":3,"column":19},"end":{"line":3,"column":20}},"loc":{"start":{"line":3,"column":25},"end":{"line":5,"column":1}},"line":3}},"branchMap":{},"s":{"0":0,"1":0},"f":{"0":0},"b":{}}
}
