TN:
SF:api/src/directives/requireAuth/requireAuth.ts
FN:15,(anonymous_0)
FNF:1
FNH:1
FNDA:1,(anonymous_0)
DA:15,1
DA:16,1
DA:17,1
DA:20,1
LF:4
LH:4
BRF:0
BRH:0
end_of_record
TN:
SF:api/src/directives/skipAuth/skipAuth.ts
FN:12,(anonymous_0)
FNF:1
FNH:0
FNDA:0,(anonymous_0)
DA:12,1
DA:13,0
LF:2
LH:1
BRF:0
BRH:0
end_of_record
TN:
SF:api/src/functions/graphql.ts
FN:14,(anonymous_0)
FNF:1
FNH:0
FNDA:0,(anonymous_0)
DA:9,0
DA:16,0
LF:2
LH:0
BRF:0
BRH:0
end_of_record
TN:
SF:api/src/graphql/plants.sdl.ts
FNF:0
FNH:0
DA:1,0
LF:1
LH:0
BRF:0
BRH:0
end_of_record
TN:
SF:api/src/lib/auth.ts
FN:10,(anonymous_0)
FN:14,(anonymous_1)
FN:23,(anonymous_2)
FNF:3
FNH:2
FNDA:1,(anonymous_0)
FNDA:0,(anonymous_1)
FNDA:1,(anonymous_2)
DA:10,1
DA:11,1
DA:14,1
DA:15,0
DA:23,1
DA:24,1
LF:6
LH:5
BRF:0
BRH:0
end_of_record
TN:
SF:api/src/lib/db.ts
FNF:0
FNH:0
DA:13,3
DA:17,3
LF:2
LH:2
BRF:0
BRH:0
end_of_record
TN:
SF:api/src/lib/logger.ts
FNF:0
FNH:0
DA:17,3
LF:1
LH:1
BRF:0
BRH:0
end_of_record
TN:
SF:api/src/services/plants/plants.scenarios.ts
FNF:0
FNH:0
DA:3,1
LF:1
LH:1
BRF:0
BRH:0
end_of_record
TN:
SF:api/src/services/plants/plants.ts
FN:9,(anonymous_0)
FN:13,(anonymous_1)
FN:19,(anonymous_2)
FN:25,(anonymous_3)
FN:35,(anonymous_4)
FN:42,(anonymous_5)
FN:44,(anonymous_6)
FN:46,(anonymous_7)
FN:50,(anonymous_8)
FNF:9
FNH:5
FNDA:1,(anonymous_0)
FNDA:3,(anonymous_1)
FNDA:1,(anonymous_2)
FNDA:1,(anonymous_3)
FNDA:1,(anonymous_4)
FNDA:0,(anonymous_5)
FNDA:0,(anonymous_6)
FNDA:0,(anonymous_7)
FNDA:0,(anonymous_8)
DA:9,1
DA:10,1
DA:13,1
DA:14,3
DA:19,1
DA:20,1
DA:25,1
DA:29,1
DA:35,1
DA:36,1
DA:41,1
DA:43,0
DA:45,0
DA:47,0
DA:51,0
LF:15
LH:11
BRF:0
BRH:0
end_of_record
TN:
SF:web/src/App.tsx
FN:10,(anonymous_0)
FNF:1
FNH:0
FNDA:0,(anonymous_0)
DA:10,0
DA:11,0
LF:2
LH:0
BRF:0
BRH:0
end_of_record
TN:
SF:web/src/Routes.tsx
FN:14,(anonymous_0)
FNF:1
FNH:1
FNDA:18,(anonymous_0)
DA:14,3
DA:15,18
LF:2
LH:2
BRF:0
BRH:0
end_of_record
TN:
SF:web/src/components/atoms/index.ts
FNF:0
FNH:0
LF:0
LH:0
BRF:0
BRH:0
end_of_record
TN:
SF:web/src/components/atoms/Card/Card.stories.tsx
FN:3,(anonymous_0)
FNF:1
FNH:0
FNDA:0,(anonymous_0)
DA:3,0
DA:4,0
LF:2
LH:0
BRF:0
BRH:0
end_of_record
TN:
SF:web/src/components/atoms/Card/Card.tsx
FN:10,(anonymous_0)
FN:21,(anonymous_1)
FNF:2
FNH:2
FNDA:8,(anonymous_0)
FNDA:8,(anonymous_1)
DA:10,3
DA:11,8
DA:13,8
DA:15,3
DA:17,5
DA:21,3
DA:22,8
LF:7
LH:7
BRDA:13,0,0,3
BRDA:13,0,1,5
BRF:2
BRH:2
end_of_record
TN:
SF:web/src/components/atoms/Card/index.ts
FNF:0
FNH:0
LF:0
LH:0
BRF:0
BRH:0
end_of_record
TN:
SF:web/src/components/atoms/Heading/Heading.stories.tsx
FN:3,(anonymous_0)
FNF:1
FNH:0
FNDA:0,(anonymous_0)
DA:3,0
LF:1
LH:0
BRF:0
BRH:0
end_of_record
TN:
SF:web/src/components/atoms/Heading/Heading.tsx
FN:9,(anonymous_0)
FN:10,(anonymous_1)
FN:20,(anonymous_2)
FN:22,(anonymous_3)
FN:24,(anonymous_4)
FN:26,(anonymous_5)
FN:28,(anonymous_6)
FN:32,(anonymous_7)
FNF:8
FNH:8
FNDA:16,(anonymous_0)
FNDA:16,(anonymous_1)
FNDA:2,(anonymous_2)
FNDA:2,(anonymous_3)
FNDA:8,(anonymous_4)
FNDA:2,(anonymous_5)
FNDA:2,(anonymous_6)
FNDA:16,(anonymous_7)
DA:9,3
DA:10,16
DA:18,16
DA:20,2
DA:22,2
DA:24,8
DA:26,2
DA:28,2
DA:31,16
DA:32,16
DA:33,16
DA:35,2
DA:37,2
DA:39,8
DA:41,2
DA:43,2
DA:47,16
LF:17
LH:17
BRDA:18,0,0,2
BRDA:18,0,1,2
BRDA:18,0,2,8
BRDA:18,0,3,2
BRDA:18,0,4,2
BRDA:33,1,0,2
BRDA:33,1,1,2
BRDA:33,1,2,8
BRDA:33,1,3,2
BRDA:33,1,4,2
BRF:10
BRH:10
end_of_record
TN:
SF:web/src/components/atoms/Heading/index.ts
FNF:0
FNH:0
LF:0
LH:0
BRF:0
BRH:0
end_of_record
TN:
SF:web/src/components/cells/PlantCell/PlantCell.tsx
FN:25,(anonymous_0)
FN:27,(anonymous_1)
FN:29,(anonymous_2)
FN:33,(anonymous_3)
FNF:4
FNH:0
FNDA:0,(anonymous_0)
FNDA:0,(anonymous_1)
FNDA:0,(anonymous_2)
FNDA:0,(anonymous_3)
DA:7,0
DA:25,0
DA:27,0
DA:29,0
DA:30,0
DA:33,0
DA:34,0
LF:7
LH:0
BRF:0
BRH:0
end_of_record
TN:
SF:web/src/components/cells/PlantsCell/PlantsCell.tsx
FN:17,(anonymous_0)
FN:19,(anonymous_1)
FN:23,(anonymous_2)
FN:27,(anonymous_3)
FNF:4
FNH:0
FNDA:0,(anonymous_0)
FNDA:0,(anonymous_1)
FNDA:0,(anonymous_2)
FNDA:0,(anonymous_3)
DA:7,0
DA:17,0
DA:19,0
DA:20,0
DA:23,0
DA:24,0
DA:27,0
DA:28,0
LF:8
LH:0
BRF:0
BRH:0
end_of_record
TN:
SF:web/src/components/molecules/index.ts
FNF:0
FNH:0
LF:0
LH:0
BRF:0
BRH:0
end_of_record
TN:
SF:web/src/components/molecules/CompanionCard/CompanionCard.stories.tsx
FN:8,(anonymous_0)
FNF:1
FNH:0
FNDA:0,(anonymous_0)
DA:3,0
DA:8,0
DA:9,0
LF:3
LH:0
BRDA:9,0,0,0
BRDA:9,0,1,0
BRF:2
BRH:0
end_of_record
TN:
SF:web/src/components/molecules/CompanionCard/CompanionCard.tsx
FN:14,(anonymous_0)
FN:23,(anonymous_1)
FN:34,(anonymous_2)
FN:43,(anonymous_3)
FN:55,(anonymous_4)
FNF:5
FNH:5
FNDA:6,(anonymous_0)
FNDA:6,(anonymous_1)
FNDA:5,(anonymous_2)
FNDA:6,(anonymous_3)
FNDA:2,(anonymous_4)
DA:14,1
DA:15,6
DA:17,2
DA:19,4
DA:23,1
DA:26,6
DA:28,2
DA:30,4
DA:34,1
DA:35,5
DA:37,2
DA:39,3
DA:43,1
DA:44,6
DA:46,6
DA:56,2
LF:16
LH:16
BRDA:15,0,0,2
BRDA:15,0,1,4
BRDA:26,1,0,2
BRDA:26,1,1,4
BRDA:35,2,0,2
BRDA:35,2,1,3
BRDA:53,3,0,1
BRDA:53,3,1,5
BRF:8
BRH:8
end_of_record
TN:
SF:web/src/components/molecules/CompanionCard/index.ts
FNF:0
FNH:0
LF:0
LH:0
BRF:0
BRH:0
end_of_record
TN:
SF:web/src/components/organisms/index.ts
FNF:0
FNH:0
LF:0
LH:0
BRF:0
BRH:0
end_of_record
TN:
SF:web/src/components/organisms/Plant/index.ts
FNF:0
FNH:0
LF:0
LH:0
BRF:0
BRH:0
end_of_record
TN:
SF:web/src/components/organisms/Plant/Plant/Plant.tsx
FN:13,(anonymous_0)
FNF:1
FNH:0
FNDA:0,(anonymous_0)
DA:13,0
DA:14,0
LF:2
LH:0
BRDA:24,0,0,0
BRDA:24,0,1,0
BRF:2
BRH:0
end_of_record
TN:
SF:web/src/components/organisms/Plant/Plant/index.ts
FNF:0
FNH:0
LF:0
LH:0
BRF:0
BRH:0
end_of_record
TN:
SF:web/src/components/organisms/Plant/PlantsList/PlantsList.tsx
FN:5,(anonymous_0)
FN:13,(anonymous_1)
FN:23,(anonymous_2)
FNF:3
FNH:0
FNDA:0,(anonymous_0)
FNDA:0,(anonymous_1)
FNDA:0,(anonymous_2)
DA:3,0
DA:5,0
DA:6,0
DA:7,0
DA:8,0
DA:10,0
DA:13,0
DA:14,0
DA:24,0
LF:9
LH:0
BRDA:7,0,0,0
BRDA:7,0,1,0
BRDA:7,1,0,0
BRDA:7,1,1,0
BRF:4
BRH:0
end_of_record
TN:
SF:web/src/components/organisms/Plant/PlantsList/index.ts
FNF:0
FNH:0
LF:0
LH:0
BRF:0
BRH:0
end_of_record
TN:
SF:web/src/layouts/DefaultLayout/DefaultLayout.tsx
FN:9,(anonymous_0)
FNF:1
FNH:0
FNDA:0,(anonymous_0)
DA:9,3
DA:10,0
LF:2
LH:1
BRF:0
BRH:0
end_of_record
TN:
SF:web/src/pages/FatalErrorPage/FatalErrorPage.tsx
FN:20,(anonymous_0)
FNF:1
FNH:0
FNDA:0,(anonymous_0)
DA:13,0
DA:14,0
DA:15,0
DA:21,0
LF:4
LH:0
BRDA:14,0,0,0
BRDA:14,0,1,0
BRDA:19,1,0,0
BRDA:19,1,1,0
BRF:4
BRH:0
end_of_record
TN:
SF:web/src/pages/NotFoundPage/NotFoundPage.tsx
FN:3,(anonymous_0)
FNF:1
FNH:0
FNDA:0,(anonymous_0)
DA:4,0
LF:1
LH:0
BRF:0
BRH:0
end_of_record
TN:
SF:web/src/pages/Plant/PlantPage/PlantPage.tsx
FN:7,(anonymous_0)
FNF:1
FNH:0
FNDA:0,(anonymous_0)
DA:7,0
DA:8,0
LF:2
LH:0
BRF:0
BRH:0
end_of_record
TN:
SF:web/src/pages/Plant/PlantsPage/PlantsPage.tsx
FN:3,(anonymous_0)
FNF:1
FNH:0
FNDA:0,(anonymous_0)
DA:3,0
DA:4,0
LF:2
LH:0
BRF:0
BRH:0
end_of_record
